<?xml version="1.0" encoding="UTF-8"?>
<!-- Generated by org.testng.reporters.JUnitXMLReporter -->
<testsuite ignored="0" hostname="LAPTOP-3MRHSLFE" failures="0" tests="3" name="Default test" time="25.799" errors="0" timestamp="2022-06-09T20:57:39 IST">
  <testcase classname="testNG.LaunchWebsite" name="AmazonLogin" time="4.369"/>
  <testcase classname="testNG.LaunchWebsite" name="FlipkartLogin" time="18.313"/>
  <testcase classname="testNG.LaunchWebsite" name="KiteLogin" time="3.065"/>
</testsuite> <!-- Default test -->
